<?xml version="1.0" encoding="UTF-8"?>
<!-- Generated by org.testng.reporters.JUnitReportReporter -->
<testsuite hostname="LAPTOP-002T00HJ" failures="0" tests="1" name="TestScript.registerTest" time="3.049" errors="0" timestamp="2023-12-22T16:37:28 IST" skipped="0">
  <testcase classname="TestScript.registerTest" name="testcase" time="3.049"/>
  <system-out/>
</testsuite> <!-- TestScript.registerTest -->
