<?xml version="1.0" encoding="UTF-8"?>
<!-- Generated by org.testng.reporters.JUnitReportReporter -->
<testsuite hostname="LAPTOP-002T00HJ" failures="0" tests="1" name="ExtentReport.Program" time="9.604" errors="0" timestamp="2023-12-23T14:35:16 IST" skipped="0">
  <testcase classname="ExtentReport.Program" name="report" time="9.604"/>
  <system-out/>
</testsuite> <!-- ExtentReport.Program -->
