<?xml version="1.0" encoding="UTF-8"?>
<!-- Generated by org.testng.reporters.JUnitReportReporter -->
<testsuite hostname="LAPTOP-002T00HJ" failures="0" tests="3" name="project.samTest" time="11.223" errors="0" timestamp="2023-12-21T14:58:33 IST" skipped="0">
  <testcase classname="project.samTest" name="testcase2" time="3.609"/>
  <system-out/>
  <testcase classname="project.samTest" name="testcase" time="3.983"/>
  <system-out/>
  <testcase classname="project.samTest" name="testcase1" time="3.631"/>
  <system-out/>
</testsuite> <!-- project.samTest -->
